<?xml version="1.0" encoding="UTF-8"?>
<robot generator="Robot 3.1.1 (Python 3.7.2 on win32)" generated="20190508 23:36:26.083" rpa="false">
<suite id="s1" name="ShootProofTests" source="C:\PycharmProjects\ShootProof\TestCases\ShootProofTests.robot">
<test id="s1-t1" name="Valid_BottomMost_Get_Started">
<kw name="Given browser is opened in homepage">
<kw name="Begin Web Test" library="Common">
<kw name="Open Browser" library="SeleniumLibrary">
<doc>Opens a new browser instance to the given ``url``.</doc>
<arguments>
<arg>${LOGIN_URL}</arg>
<arg>${BROWSERS}</arg>
</arguments>
<msg timestamp="20190508 23:36:26.358" level="INFO">Opening browser 'chrome' to base url 'https://www.shootproof.com'.</msg>
<status status="PASS" starttime="20190508 23:36:26.357" endtime="20190508 23:36:33.992"></status>
</kw>
<kw name="Maximize Browser Window" library="SeleniumLibrary">
<doc>Maximizes current browser window.</doc>
<status status="PASS" starttime="20190508 23:36:33.992" endtime="20190508 23:36:35.119"></status>
</kw>
<status status="PASS" starttime="20190508 23:36:26.357" endtime="20190508 23:36:35.120"></status>
</kw>
<status status="PASS" starttime="20190508 23:36:26.356" endtime="20190508 23:36:35.120"></status>
</kw>
<kw name="And I assert that a Get Started button exist at the button of the page">
<kw name="Assert Get Started button exist at the button of the page" library="Resource">
<kw name="Element Should Be Visible" library="SeleniumLibrary">
<doc>Verifies that the element identified by ``locator`` is visible.</doc>
<arguments>
<arg>${GetStartedBottomButton}</arg>
</arguments>
<msg timestamp="20190508 23:36:35.586" level="INFO">Element 'xpath=//div[@id='try-free']//*[name()='a' and @class='btn btn-shootproof btn-shootproof-white google-ads-signup-tracking']' is displayed.</msg>
<status status="PASS" starttime="20190508 23:36:35.122" endtime="20190508 23:36:35.586"></status>
</kw>
<status status="PASS" starttime="20190508 23:36:35.121" endtime="20190508 23:36:35.586"></status>
</kw>
<status status="PASS" starttime="20190508 23:36:35.121" endtime="20190508 23:36:35.586"></status>
</kw>
<kw name="When I click on the Bottommost button on the page">
<kw name="Click on the Bottommost button on the page" library="Resource">
<kw name="Click Element" library="SeleniumLibrary">
<doc>Click element identified by ``locator``.</doc>
<arguments>
<arg>${GetStartedBottomButton}</arg>
</arguments>
<msg timestamp="20190508 23:36:35.588" level="INFO">Clicking element 'xpath=//div[@id='try-free']//*[name()='a' and @class='btn btn-shootproof btn-shootproof-white google-ads-signup-tracking']'.</msg>
<status status="PASS" starttime="20190508 23:36:35.588" endtime="20190508 23:36:36.269"></status>
</kw>
<status status="PASS" starttime="20190508 23:36:35.587" endtime="20190508 23:36:36.270"></status>
</kw>
<status status="PASS" starttime="20190508 23:36:35.587" endtime="20190508 23:36:36.270"></status>
</kw>
<kw name="Then the Sign-Up page should open">
<kw name="The Sign-Up page should open" library="Resource">
<kw name="Wait Until Page Contains" library="SeleniumLibrary">
<doc>Waits until ``text`` appears on current page.</doc>
<arguments>
<arg>Let’s get started</arg>
</arguments>
<status status="PASS" starttime="20190508 23:36:36.274" endtime="20190508 23:36:36.463"></status>
</kw>
<status status="PASS" starttime="20190508 23:36:36.273" endtime="20190508 23:36:36.463"></status>
</kw>
<status status="PASS" starttime="20190508 23:36:36.273" endtime="20190508 23:36:36.463"></status>
</kw>
<kw name="And the browser should close">
<kw name="End Web Test" library="Common">
<kw name="Close All Browsers" library="SeleniumLibrary">
<doc>Closes all open browsers and resets the browser cache.</doc>
<status status="PASS" starttime="20190508 23:36:36.465" endtime="20190508 23:36:39.593"></status>
</kw>
<status status="PASS" starttime="20190508 23:36:36.465" endtime="20190508 23:36:39.593"></status>
</kw>
<status status="PASS" starttime="20190508 23:36:36.464" endtime="20190508 23:36:39.594"></status>
</kw>
<status status="PASS" starttime="20190508 23:36:26.355" endtime="20190508 23:36:39.594" critical="yes"></status>
</test>
<status status="PASS" starttime="20190508 23:36:26.085" endtime="20190508 23:36:39.596"></status>
</suite>
<statistics>
<total>
<stat pass="1" fail="0">Critical Tests</stat>
<stat pass="1" fail="0">All Tests</stat>
</total>
<tag>
</tag>
<suite>
<stat pass="1" fail="0" id="s1" name="ShootProofTests">ShootProofTests</stat>
</suite>
</statistics>
<errors>
</errors>
</robot>
