<?xml version="1.0" encoding="UTF-8"?>
<robot generator="Robot 3.1.1 (Python 3.7.2 on win32)" generated="20190515 13:03:41.235" rpa="false">
<suite id="s1" name="Shootprooftests" source="C:\PycharmProjects\ShootProof\TestCases\shootprooftests.robot">
<test id="s1-t1" name="Click_Top_Button_Get_Started">
<kw name="Open Browser" library="SeleniumLibrary">
<doc>Opens a new browser instance to the given ``url``.</doc>
<arguments>
<arg>${url}</arg>
<arg>${browser}</arg>
</arguments>
<msg timestamp="20190515 13:03:41.453" level="INFO">Opening browser 'ie' to base url 'https://www.shootproof.com'.</msg>
<status status="PASS" starttime="20190515 13:03:41.452" endtime="20190515 13:03:47.384"></status>
</kw>
<kw name="Maximize Browser Window" library="SeleniumLibrary">
<doc>Maximizes current browser window.</doc>
<status status="PASS" starttime="20190515 13:03:47.384" endtime="20190515 13:03:47.397"></status>
</kw>
<kw name="Wait Until Element Is Visible" library="SeleniumLibrary">
<doc>Waits until element ``locator`` is visible.</doc>
<arguments>
<arg>${getstartedtopbutton}</arg>
</arguments>
<status status="PASS" starttime="20190515 13:03:47.397" endtime="20190515 13:03:47.726"></status>
</kw>
<kw name="Click Element" library="SeleniumLibrary">
<doc>Click element identified by ``locator``.</doc>
<arguments>
<arg>${getstartedtopbutton}</arg>
</arguments>
<msg timestamp="20190515 13:03:47.727" level="INFO">Clicking element 'xpath=//a[@class='btn btn-shootproof google-ads-signup-tracking']'.</msg>
<status status="PASS" starttime="20190515 13:03:47.727" endtime="20190515 13:03:50.308"></status>
</kw>
<kw name="Wait Until Page Contains" library="SeleniumLibrary">
<doc>Waits until ``text`` appears on current page.</doc>
<arguments>
<arg>Let’s get started</arg>
</arguments>
<status status="PASS" starttime="20190515 13:03:50.309" endtime="20190515 13:03:50.791"></status>
</kw>
<kw name="Close Browser" library="SeleniumLibrary">
<doc>Closes the current browser.</doc>
<status status="PASS" starttime="20190515 13:03:50.792" endtime="20190515 13:03:54.013"></status>
</kw>
<tags>
<tag>GetStarted</tag>
<tag>New</tag>
<tag>Smoke</tag>
</tags>
<status status="PASS" starttime="20190515 13:03:41.451" endtime="20190515 13:03:54.014" critical="yes"></status>
</test>
<status status="PASS" starttime="20190515 13:03:41.238" endtime="20190515 13:03:54.017"></status>
</suite>
<statistics>
<total>
<stat pass="1" fail="0">Critical Tests</stat>
<stat pass="1" fail="0">All Tests</stat>
</total>
<tag>
<stat pass="1" fail="0">GetStarted</stat>
<stat pass="1" fail="0">New</stat>
<stat pass="1" fail="0">Smoke</stat>
</tag>
<suite>
<stat pass="1" fail="0" id="s1" name="Shootprooftests">Shootprooftests</stat>
</suite>
</statistics>
<errors>
</errors>
</robot>
